2016-10-08T12:00:13.739-0600 I CONTROL  [initandlisten] MongoDB starting : pid=47425 port=27021 dbpath=/Users/caleb/Documents/HiddenDesktop/PollIt/node_modules/mockgoose/.mongooseTempDB/27021 64-bit host=Calebs-MacBook-Pro.local
2016-10-08T12:00:13.740-0600 I CONTROL  [initandlisten] db version v3.2.0
2016-10-08T12:00:13.740-0600 I CONTROL  [initandlisten] git version: 45d947729a0315accb6d4f15a6b06be6d9c19fe7
2016-10-08T12:00:13.740-0600 I CONTROL  [initandlisten] allocator: system
2016-10-08T12:00:13.740-0600 I CONTROL  [initandlisten] modules: none
2016-10-08T12:00:13.740-0600 I CONTROL  [initandlisten] build environment:
2016-10-08T12:00:13.740-0600 I CONTROL  [initandlisten]     distarch: x86_64
2016-10-08T12:00:13.740-0600 I CONTROL  [initandlisten]     target_arch: x86_64
2016-10-08T12:00:13.740-0600 I CONTROL  [initandlisten] options: { net: { bindIp: "127.0.0.1", port: 27021 }, processManagement: { fork: true }, storage: { dbPath: "/Users/caleb/Documents/HiddenDesktop/PollIt/node_modules/mockgoose/.mongooseTempDB/27021", engine: "ephemeralForTest" }, systemLog: { destination: "file", path: "/Users/caleb/Documents/HiddenDesktop/PollIt/mongodb-prebuilt-1475949613213.log" } }
2016-10-08T12:00:13.748-0600 I CONTROL  [initandlisten] ** WARNING: You are running this process as the root user, which is not recommended.
2016-10-08T12:00:13.748-0600 I CONTROL  [initandlisten] 
2016-10-08T12:00:13.749-0600 I FTDC     [initandlisten] Initializing full-time diagnostic data capture with directory '/Users/caleb/Documents/HiddenDesktop/PollIt/node_modules/mockgoose/.mongooseTempDB/27021/diagnostic.data'
2016-10-08T12:00:13.749-0600 I NETWORK  [HostnameCanonicalizationWorker] Starting hostname canonicalization worker
2016-10-08T12:00:13.749-0600 I NETWORK  [initandlisten] waiting for connections on port 27021
2016-10-08T12:00:13.947-0600 I CONTROL  [signalProcessingThread] got signal 15 (Terminated: 15), will terminate after current cmd ends
2016-10-08T12:00:13.947-0600 I FTDC     [initandlisten] Shutting down full-time diagnostic data capture
2016-10-08T12:00:13.947-0600 I CONTROL  [initandlisten] now exiting
2016-10-08T12:00:13.947-0600 I NETWORK  [initandlisten] shutdown: going to close listening sockets...
2016-10-08T12:00:13.947-0600 I NETWORK  [initandlisten] closing listening socket: 6
2016-10-08T12:00:13.948-0600 I NETWORK  [initandlisten] closing listening socket: 7
2016-10-08T12:00:13.948-0600 I NETWORK  [initandlisten] removing socket file: /tmp/mongodb-27021.sock
2016-10-08T12:00:13.948-0600 I NETWORK  [initandlisten] shutdown: going to flush diaglog...
2016-10-08T12:00:13.948-0600 I NETWORK  [initandlisten] shutdown: going to close sockets...
2016-10-08T12:00:13.948-0600 I STORAGE  [initandlisten] shutdown: removing fs lock...
2016-10-08T12:00:13.948-0600 I CONTROL  [initandlisten] dbexit:  rc: 0
